
> nextn@0.1.0 dev
> next dev --turbopack

   ▲ Next.js 15.5.7 (Turbopack)
   - Local:        http://localhost:3000
   - Network:      http://192.168.0.2:3000

 ✓ Starting...
Attention: Next.js now collects completely anonymous telemetry regarding usage.
This information is used to shape Next.js' roadmap and prioritize features.
You can learn more, including how to opt-out if you'd not like to participate in this anonymous program, by visiting the following URL:
https://nextjs.org/telemetry

 ✓ Ready in 1472ms
 ○ Compiling /_not-found/page ...
 ✓ Compiled /_not-found/page in 7.5s
 GET /auth/login 404 in 8476ms
 ○ Compiling /admin/dashboard/metricas ...
 ✓ Compiled /admin/dashboard/metricas in 5.2s
 GET /admin/dashboard/metricas 200 in 5892ms
 ○ Compiling / ...
 ✓ Compiled / in 1879ms
 GET / 200 in 1970ms
